Using pre-set license
Built from '2020.3/release' branch; Version is '2020.3.27f1 (e759542391ea) revision 15161684'; Using compiler version '192528614'; Build Type 'Release'
OS: 'Windows 10  (10.0.19044) 64bit Professional' Language: 'pt' Physical Memory: 32697 MB
BatchMode: 1, IsHumanControllingUs: 0, StartBugReporterOnCrash: 0, Is64bit: 1, IsPro: 0

COMMAND LINE ARGUMENTS:
F:\Unity\2020.3.27f1\Editor\Unity.exe
-adb2
-batchMode
-noUpm
-name
AssetImportWorker0
-projectPath
D:/Unity Workspace/FarmingRPG-Zenva/FarmingRPG
-logFile
Logs/AssetImportWorker0.log
-srvPort
64026
Successfully changed project path to: D:/Unity Workspace/FarmingRPG-Zenva/FarmingRPG
D:/Unity Workspace/FarmingRPG-Zenva/FarmingRPG
Using Asset Import Pipeline V2.
Refreshing native plugins compatible for Editor in 45.05 ms, found 3 plugins.
Preloading 0 native plugins for Editor in 0.00 ms.
Initialize engine version: 2020.3.27f1 (e759542391ea)
[Subsystems] Discovering subsystems at path F:/Unity/2020.3.27f1/Editor/Data/Resources/UnitySubsystems
[Subsystems] Discovering subsystems at path D:/Unity Workspace/FarmingRPG-Zenva/FarmingRPG/Assets
GfxDevice: creating device client; threaded=0
Direct3D:
    Version:  Direct3D 11.0 [level 11.1]
    Renderer: NVIDIA GeForce GTX 1660 SUPER (ID=0x21c4)
    Vendor:   
    VRAM:     5980 MB
    Driver:   31.0.15.2756
Initialize mono
Mono path[0] = 'F:/Unity/2020.3.27f1/Editor/Data/Managed'
Mono path[1] = 'F:/Unity/2020.3.27f1/Editor/Data/MonoBleedingEdge/lib/mono/unityjit'
Mono config path = 'F:/Unity/2020.3.27f1/Editor/Data/MonoBleedingEdge/etc'
Using monoOptions --debugger-agent=transport=dt_socket,embedding=1,server=y,suspend=n,address=127.0.0.1:56608
Begin MonoManager ReloadAssembly
Registering precompiled unity dll's ...
Register platform support module: F:/Unity/2020.3.27f1/Editor/Data/PlaybackEngines/WebGLSupport/UnityEditor.WebGL.Extensions.dll
Register platform support module: F:/Unity/2020.3.27f1/Editor/Data/PlaybackEngines/WindowsStandaloneSupport/UnityEditor.WindowsStandalone.Extensions.dll
Registered in 0.001276 seconds.
Native extension for WindowsStandalone target not found
Native extension for WebGL target not found
Refreshing native plugins compatible for Editor in 44.37 ms, found 3 plugins.
Preloading 0 native plugins for Editor in 0.00 ms.
Mono: successfully reloaded assembly
- Completed reload, in  0.500 seconds
Domain Reload Profiling:
	ReloadAssembly (500ms)
		BeginReloadAssembly (61ms)
			ExecutionOrderSort (0ms)
			DisableScriptedObjects (0ms)
			BackupInstance (0ms)
			ReleaseScriptingObjects (0ms)
			CreateAndSetChildDomain (1ms)
		EndReloadAssembly (382ms)
			LoadAssemblies (61ms)
			RebuildTransferFunctionScriptingTraits (0ms)
			SetupTypeCache (125ms)
			ReleaseScriptCaches (0ms)
			RebuildScriptCaches (26ms)
			SetupLoadedEditorAssemblies (150ms)
				LogAssemblyErrors (0ms)
				InitializePlatformSupportModulesInManaged (4ms)
				SetLoadedEditorAssemblies (0ms)
				RefreshPlugins (44ms)
				BeforeProcessingInitializeOnLoad (15ms)
				ProcessInitializeOnLoadAttributes (65ms)
				ProcessInitializeOnLoadMethodAttributes (22ms)
				AfterProcessingInitializeOnLoad (0ms)
				EditorAssembliesLoaded (0ms)
			ExecutionOrderSort2 (0ms)
			AwakeInstancesAfterBackupRestoration (0ms)
Platform modules already initialized, skipping
Registering precompiled user dll's ...
Registered in 0.003872 seconds.
Begin MonoManager ReloadAssembly
Native extension for WindowsStandalone target not found
Native extension for WebGL target not found
Refreshing native plugins compatible for Editor in 43.71 ms, found 3 plugins.
Preloading 0 native plugins for Editor in 0.00 ms.
Mono: successfully reloaded assembly
- Completed reload, in  0.999 seconds
Domain Reload Profiling:
	ReloadAssembly (1000ms)
		BeginReloadAssembly (142ms)
			ExecutionOrderSort (0ms)
			DisableScriptedObjects (5ms)
			BackupInstance (0ms)
			ReleaseScriptingObjects (0ms)
			CreateAndSetChildDomain (20ms)
		EndReloadAssembly (810ms)
			LoadAssemblies (99ms)
			RebuildTransferFunctionScriptingTraits (0ms)
			SetupTypeCache (266ms)
			ReleaseScriptCaches (1ms)
			RebuildScriptCaches (42ms)
			SetupLoadedEditorAssemblies (325ms)
				LogAssemblyErrors (0ms)
				InitializePlatformSupportModulesInManaged (3ms)
				SetLoadedEditorAssemblies (0ms)
				RefreshPlugins (44ms)
				BeforeProcessingInitializeOnLoad (67ms)
				ProcessInitializeOnLoadAttributes (196ms)
				ProcessInitializeOnLoadMethodAttributes (13ms)
				AfterProcessingInitializeOnLoad (2ms)
				EditorAssembliesLoaded (0ms)
			ExecutionOrderSort2 (0ms)
			AwakeInstancesAfterBackupRestoration (5ms)
Platform modules already initialized, skipping
========================================================================
Worker process is ready to serve import requests
Launched and connected shader compiler UnityShaderCompiler.exe after 0.04 seconds
Refreshing native plugins compatible for Editor in 0.61 ms, found 3 plugins.
Preloading 0 native plugins for Editor in 0.00 ms.
Unloading 2535 Unused Serialized files (Serialized files now loaded: 0)
System memory in use before: 109.1 MB.
System memory in use after: 109.1 MB.

Unloading 37 unused Assets to reduce memory usage. Loaded Objects now: 2963.
Total: 3.467100 ms (FindLiveObjects: 0.230000 ms CreateObjectMapping: 0.061800 ms MarkObjects: 3.013800 ms  DeleteObjects: 0.160400 ms)

AssetImportParameters requested are different than current active one (requested -> active):
  custom:framework-win-MediaFoundation: 216162199b28c13a410421893ffa2e32 -> 
  custom:video-decoder-ogg-theora: a1e56fd34408186e4bbccfd4996cb3dc -> 
  custom:container-muxer-webm: aa71ff27fc2769a1b78a27578f13a17b -> 
  custom:container-demuxer-webm: 4f35f7cbe854078d1ac9338744f61a02 -> 
  custom:container-demuxer-ogg: 62fdf1f143b41e24485cea50d1cbac27 -> 
  custom:video-encoder-webm-vp8: eb34c28f22e8b96e1ab97ce403110664 -> 
  custom:video-decoder-webm-vp8: 9c59270c3fd7afecdb556c50c9e8de78 -> 
  custom:audio-decoder-ogg-vorbis: bf7c407c2cedff20999df2af8eb42d56 -> 
  custom:audio-encoder-webm-vorbis: bf7c407c2cedff20999df2af8eb42d56 -> 
========================================================================
Received Import Request.
  path: Assets/Other/ControlMap.inputactions
  artifactKey: Guid(64b8cd7fc1be75c48825b65218fc3232) Importer(815301076,1909f56bfc062723c751e8b465ee728b)
Start importing Assets/Other/ControlMap.inputactions using Guid(64b8cd7fc1be75c48825b65218fc3232) Importer(815301076,1909f56bfc062723c751e8b465ee728b)  -> (artifact id: 'c6d83d2350b73f2d59a5e7ee30a18e79') in 0.092460 seconds 
  Import took 0.096148 seconds .

========================================================================
Received Import Request.
  Time since last request: 180.066300 seconds.
  path: Assets/Other/ControlMap.inputactions
  artifactKey: Guid(64b8cd7fc1be75c48825b65218fc3232) Importer(815301076,1909f56bfc062723c751e8b465ee728b)
Start importing Assets/Other/ControlMap.inputactions using Guid(64b8cd7fc1be75c48825b65218fc3232) Importer(815301076,1909f56bfc062723c751e8b465ee728b)  -> (artifact id: '979ca2692c45a2b14854e27ffacca8f7') in 0.003901 seconds 
  Import took 0.007827 seconds .

========================================================================
Received Import Request.
  Time since last request: 36.136304 seconds.
  path: Assets/Sprites/Tiles
  artifactKey: Guid(e54b76d0b0d1f7149bceb1b27fc0c4d5) Importer(815301076,1909f56bfc062723c751e8b465ee728b)
Start importing Assets/Sprites/Tiles using Guid(e54b76d0b0d1f7149bceb1b27fc0c4d5) Importer(815301076,1909f56bfc062723c751e8b465ee728b)  -> (artifact id: 'c5dccda9c653a3750686446a48608acd') in 0.004669 seconds 
  Import took 0.008148 seconds .

========================================================================
Received Import Request.
  Time since last request: 0.052259 seconds.
  path: Assets/Sprites/Tiles/Grass.png
  artifactKey: Guid(b36b71734d871d84cbb27e9e07dc4413) Importer(815301076,1909f56bfc062723c751e8b465ee728b)
Start importing Assets/Sprites/Tiles/Grass.png using Guid(b36b71734d871d84cbb27e9e07dc4413) Importer(815301076,1909f56bfc062723c751e8b465ee728b)  -> (artifact id: '1e42350853ffbaf265024250ca46f241') in 0.053315 seconds 
  Import took 0.057032 seconds .

========================================================================
Received Import Request.
  Time since last request: 0.000157 seconds.
  path: Assets/Sprites/Tiles/TilledGround_Normal.png
  artifactKey: Guid(659d99f6729469a498a46a4383c95c5c) Importer(815301076,1909f56bfc062723c751e8b465ee728b)
Start importing Assets/Sprites/Tiles/TilledGround_Normal.png using Guid(659d99f6729469a498a46a4383c95c5c) Importer(815301076,1909f56bfc062723c751e8b465ee728b)  -> (artifact id: '51a7adbeea6980f96ee217b27ebe670d') in 0.018103 seconds 
  Import took 0.021284 seconds .

========================================================================
Received Import Request.
  Time since last request: 0.000144 seconds.
  path: Assets/Sprites/Tiles/TilledGround_Watered.png
  artifactKey: Guid(9b02c18a9989de84e9112d70f67a6dc6) Importer(815301076,1909f56bfc062723c751e8b465ee728b)
Start importing Assets/Sprites/Tiles/TilledGround_Watered.png using Guid(9b02c18a9989de84e9112d70f67a6dc6) Importer(815301076,1909f56bfc062723c751e8b465ee728b)  -> (artifact id: '1569e845cbefd00779959bb4cb00a0ac') in 0.009409 seconds 
  Import took 0.012441 seconds .

AssetImportWorkerClient::OnTransportError - code=2 error=End of file
